[15-Sep-2021 00:28:21 UTC] PHP Notice:  Undefined variable: conn in C:\Users\gyumi\Documents\GitHub\php-board\auth\signupAuth.php on line 22
[15-Sep-2021 00:28:21 UTC] PHP Fatal error:  Uncaught Error: Call to a member function prepare() on null in C:\Users\gyumi\Documents\GitHub\php-board\auth\signupAuth.php:22
Stack trace:
#0 {main}
  thrown in C:\Users\gyumi\Documents\GitHub\php-board\auth\signupAuth.php on line 22
[15-Sep-2021 00:29:47 UTC] PHP Notice:  Undefined index: pwd in C:\Users\gyumi\Documents\GitHub\php-board\auth\signupAuth.php on line 9
[15-Sep-2021 00:29:47 UTC] PHP Notice:  Undefined variable: pwd in C:\Users\gyumi\Documents\GitHub\php-board\auth\signupAuth.php on line 15
[15-Sep-2021 00:29:47 UTC] PHP Notice:  Undefined variable: pwd in C:\Users\gyumi\Documents\GitHub\php-board\auth\signupAuth.php on line 19
[15-Sep-2021 00:29:47 UTC] PHP Notice:  Undefined variable: conn in C:\Users\gyumi\Documents\GitHub\php-board\auth\signupAuth.php on line 22
[15-Sep-2021 00:29:47 UTC] PHP Fatal error:  Uncaught Error: Call to a member function prepare() on null in C:\Users\gyumi\Documents\GitHub\php-board\auth\signupAuth.php:22
Stack trace:
#0 {main}
  thrown in C:\Users\gyumi\Documents\GitHub\php-board\auth\signupAuth.php on line 22
[15-Sep-2021 00:30:20 UTC] PHP Notice:  Undefined index: pwd in C:\Users\gyumi\Documents\GitHub\php-board\auth\signupAuth.php on line 9
[15-Sep-2021 00:30:20 UTC] PHP Notice:  Undefined variable: pwd in C:\Users\gyumi\Documents\GitHub\php-board\auth\signupAuth.php on line 15
[15-Sep-2021 00:30:20 UTC] PHP Notice:  Undefined variable: pwd in C:\Users\gyumi\Documents\GitHub\php-board\auth\signupAuth.php on line 19
[15-Sep-2021 00:30:20 UTC] PHP Fatal error:  Uncaught PDOException: SQLSTATE[42S22]: Column not found: 1054 Unknown column 'pwd' in 'field list' in C:\Users\gyumi\Documents\GitHub\php-board\auth\signupAuth.php:22
Stack trace:
#0 C:\Users\gyumi\Documents\GitHub\php-board\auth\signupAuth.php(22): PDO->prepare('INSERT INTO use...')
#1 {main}
  thrown in C:\Users\gyumi\Documents\GitHub\php-board\auth\signupAuth.php on line 22
[15-Sep-2021 00:30:53 UTC] PHP Fatal error:  Uncaught PDOException: SQLSTATE[42S22]: Column not found: 1054 Unknown column 'pwd' in 'field list' in C:\Users\gyumi\Documents\GitHub\php-board\auth\signupAuth.php:22
Stack trace:
#0 C:\Users\gyumi\Documents\GitHub\php-board\auth\signupAuth.php(22): PDO->prepare('INSERT INTO use...')
#1 {main}
  thrown in C:\Users\gyumi\Documents\GitHub\php-board\auth\signupAuth.php on line 22
[15-Sep-2021 00:31:32 UTC] PHP Fatal error:  Uncaught PDOException: SQLSTATE[42S22]: Column not found: 1054 Unknown column 'pwd' in 'field list' in C:\Users\gyumi\Documents\GitHub\php-board\auth\signupAuth.php:22
Stack trace:
#0 C:\Users\gyumi\Documents\GitHub\php-board\auth\signupAuth.php(22): PDO->prepare('INSERT INTO use...')
#1 {main}
  thrown in C:\Users\gyumi\Documents\GitHub\php-board\auth\signupAuth.php on line 22
[15-Sep-2021 00:32:08 UTC] PHP Fatal error:  Uncaught PDOException: SQLSTATE[HY093]: Invalid parameter number: parameter was not defined in C:\Users\gyumi\Documents\GitHub\php-board\auth\signupAuth.php:23
Stack trace:
#0 C:\Users\gyumi\Documents\GitHub\php-board\auth\signupAuth.php(23): PDOStatement->execute(Array)
#1 {main}
  thrown in C:\Users\gyumi\Documents\GitHub\php-board\auth\signupAuth.php on line 23
[15-Sep-2021 00:32:31 UTC] PHP Fatal error:  Uncaught PDOException: SQLSTATE[HY093]: Invalid parameter number: parameter was not defined in C:\Users\gyumi\Documents\GitHub\php-board\auth\signupAuth.php:23
Stack trace:
#0 C:\Users\gyumi\Documents\GitHub\php-board\auth\signupAuth.php(23): PDOStatement->execute(Array)
#1 {main}
  thrown in C:\Users\gyumi\Documents\GitHub\php-board\auth\signupAuth.php on line 23
[15-Sep-2021 00:38:00 UTC] PHP Notice:  Undefined variable: email in C:\Users\gyumi\Documents\GitHub\php-board\auth\loginAuth.php on line 44
[15-Sep-2021 00:40:31 UTC] PHP Notice:  Undefined variable: email in C:\Users\gyumi\Documents\GitHub\php-board\auth\loginAuth.php on line 44
[15-Sep-2021 00:42:27 UTC] PHP Notice:  Undefined variable: email in C:\Users\gyumi\Documents\GitHub\php-board\auth\loginAuth.php on line 44
[15-Sep-2021 00:43:11 UTC] PHP Notice:  Undefined variable: email in C:\Users\gyumi\Documents\GitHub\php-board\auth\loginAuth.php on line 44
[15-Sep-2021 00:43:17 UTC] PHP Notice:  Undefined variable: email in C:\Users\gyumi\Documents\GitHub\php-board\auth\loginAuth.php on line 44
[15-Sep-2021 00:43:20 UTC] PHP Notice:  Undefined variable: email in C:\Users\gyumi\Documents\GitHub\php-board\auth\loginAuth.php on line 44
[15-Sep-2021 00:43:48 UTC] PHP Notice:  Undefined variable: email in C:\Users\gyumi\Documents\GitHub\php-board\auth\loginAuth.php on line 44
[15-Sep-2021 00:44:16 UTC] PHP Notice:  Undefined variable: email in C:\Users\gyumi\Documents\GitHub\php-board\auth\loginAuth.php on line 44
[15-Sep-2021 00:46:49 UTC] PHP Notice:  Undefined variable: email in C:\Users\gyumi\Documents\GitHub\php-board\auth\loginAuth.php on line 44
[15-Sep-2021 00:47:38 UTC] PHP Notice:  Undefined variable: email in C:\Users\gyumi\Documents\GitHub\php-board\auth\loginAuth.php on line 44
[15-Sep-2021 00:48:37 UTC] PHP Fatal error:  Uncaught PDOException: SQLSTATE[42000]: Syntax error or access violation: 1064 You have an error in your SQL syntax; check the manual that corresponds to your MySQL server version for the right syntax to use near '(email) WHERE email = ?' at line 1 in C:\Users\gyumi\Documents\GitHub\php-board\auth\loginAuth.php:18
Stack trace:
#0 C:\Users\gyumi\Documents\GitHub\php-board\auth\loginAuth.php(18): PDO->prepare('SELECT * FROM u...')
#1 {main}
  thrown in C:\Users\gyumi\Documents\GitHub\php-board\auth\loginAuth.php on line 18
[15-Sep-2021 00:50:23 UTC] PHP Fatal error:  Uncaught PDOException: SQLSTATE[42000]: Syntax error or access violation: 1064 You have an error in your SQL syntax; check the manual that corresponds to your MySQL server version for the right syntax to use near '(email) WHERE email = ?' at line 1 in C:\Users\gyumi\Documents\GitHub\php-board\auth\loginAuth.php:17
Stack trace:
#0 C:\Users\gyumi\Documents\GitHub\php-board\auth\loginAuth.php(17): PDO->prepare('SELECT * FROM u...')
#1 {main}
  thrown in C:\Users\gyumi\Documents\GitHub\php-board\auth\loginAuth.php on line 17
[15-Sep-2021 00:50:37 UTC] PHP Notice:  Undefined index: Email in C:\Users\gyumi\Documents\GitHub\php-board\auth\loginAuth.php on line 22
[15-Sep-2021 00:50:37 UTC] PHP Notice:  Undefined index: name in C:\Users\gyumi\Documents\GitHub\php-board\auth\loginAuth.php on line 24
[15-Sep-2021 00:50:37 UTC] PHP Notice:  Undefined variable: user_email in C:\Users\gyumi\Documents\GitHub\php-board\auth\loginAuth.php on line 27
[15-Sep-2021 00:50:40 UTC] PHP Notice:  Undefined index: Email in C:\Users\gyumi\Documents\GitHub\php-board\auth\loginAuth.php on line 22
[15-Sep-2021 00:50:40 UTC] PHP Notice:  Undefined index: name in C:\Users\gyumi\Documents\GitHub\php-board\auth\loginAuth.php on line 24
[15-Sep-2021 00:50:40 UTC] PHP Notice:  Undefined variable: user_email in C:\Users\gyumi\Documents\GitHub\php-board\auth\loginAuth.php on line 27
