[16-Sep-2021 08:27:57 UTC] PHP Notice:  Undefined index: contents in C:\Users\gyumi\Documents\GitHub\php-board\config\writesave.php on line 8
[16-Sep-2021 08:27:57 UTC] PHP Notice:  Undefined variable: username in C:\Users\gyumi\Documents\GitHub\php-board\config\writesave.php on line 11
[16-Sep-2021 08:27:57 UTC] PHP Fatal error:  Uncaught PDOException: SQLSTATE[HY093]: Invalid parameter number: parameter was not defined in C:\Users\gyumi\Documents\GitHub\php-board\config\writesave.php:11
Stack trace:
#0 C:\Users\gyumi\Documents\GitHub\php-board\config\writesave.php(11): PDOStatement->execute(Array)
#1 {main}
  thrown in C:\Users\gyumi\Documents\GitHub\php-board\config\writesave.php on line 11
[16-Sep-2021 08:29:48 UTC] PHP Notice:  Undefined index: contents in C:\Users\gyumi\Documents\GitHub\php-board\config\writesave.php on line 8
[16-Sep-2021 08:29:48 UTC] PHP Notice:  Undefined variable: username in C:\Users\gyumi\Documents\GitHub\php-board\config\writesave.php on line 11
[16-Sep-2021 08:29:48 UTC] PHP Fatal error:  Uncaught PDOException: SQLSTATE[HY093]: Invalid parameter number: parameter was not defined in C:\Users\gyumi\Documents\GitHub\php-board\config\writesave.php:11
Stack trace:
#0 C:\Users\gyumi\Documents\GitHub\php-board\config\writesave.php(11): PDOStatement->execute(Array)
#1 {main}
  thrown in C:\Users\gyumi\Documents\GitHub\php-board\config\writesave.php on line 11
[16-Sep-2021 08:29:50 UTC] PHP Notice:  Undefined index: contents in C:\Users\gyumi\Documents\GitHub\php-board\config\writesave.php on line 8
[16-Sep-2021 08:29:50 UTC] PHP Notice:  Undefined variable: username in C:\Users\gyumi\Documents\GitHub\php-board\config\writesave.php on line 11
[16-Sep-2021 08:29:50 UTC] PHP Fatal error:  Uncaught PDOException: SQLSTATE[HY093]: Invalid parameter number: parameter was not defined in C:\Users\gyumi\Documents\GitHub\php-board\config\writesave.php:11
Stack trace:
#0 C:\Users\gyumi\Documents\GitHub\php-board\config\writesave.php(11): PDOStatement->execute(Array)
#1 {main}
  thrown in C:\Users\gyumi\Documents\GitHub\php-board\config\writesave.php on line 11
[16-Sep-2021 08:30:44 UTC] PHP Notice:  Undefined index: contents in C:\Users\gyumi\Documents\GitHub\php-board\config\writesave.php on line 8
[16-Sep-2021 08:30:44 UTC] PHP Notice:  Undefined variable: username in C:\Users\gyumi\Documents\GitHub\php-board\config\writesave.php on line 11
[16-Sep-2021 08:30:44 UTC] PHP Fatal error:  Uncaught PDOException: SQLSTATE[HY093]: Invalid parameter number: parameter was not defined in C:\Users\gyumi\Documents\GitHub\php-board\config\writesave.php:11
Stack trace:
#0 C:\Users\gyumi\Documents\GitHub\php-board\config\writesave.php(11): PDOStatement->execute(Array)
#1 {main}
  thrown in C:\Users\gyumi\Documents\GitHub\php-board\config\writesave.php on line 11
[16-Sep-2021 08:37:49 UTC] PHP Notice:  Undefined index: contents in C:\Users\gyumi\Documents\GitHub\php-board\config\writesave.php on line 8
[16-Sep-2021 08:37:49 UTC] PHP Notice:  Undefined variable: username in C:\Users\gyumi\Documents\GitHub\php-board\config\writesave.php on line 11
[16-Sep-2021 08:37:49 UTC] PHP Fatal error:  Uncaught PDOException: SQLSTATE[HY093]: Invalid parameter number: parameter was not defined in C:\Users\gyumi\Documents\GitHub\php-board\config\writesave.php:11
Stack trace:
#0 C:\Users\gyumi\Documents\GitHub\php-board\config\writesave.php(11): PDOStatement->execute(Array)
#1 {main}
  thrown in C:\Users\gyumi\Documents\GitHub\php-board\config\writesave.php on line 11
