[15-Sep-2021 01:15:03 UTC] PHP Notice:  Undefined variable: stmt in C:\Users\gyumi\Documents\GitHub\php-board\view\main.php on line 83
[15-Sep-2021 01:15:03 UTC] PHP Fatal error:  Uncaught Error: Call to a member function fetch() on null in C:\Users\gyumi\Documents\GitHub\php-board\view\main.php:83
Stack trace:
#0 {main}
  thrown in C:\Users\gyumi\Documents\GitHub\php-board\view\main.php on line 83
[15-Sep-2021 01:29:43 UTC] PHP Notice:  Undefined variable: stmt in C:\Users\gyumi\Documents\GitHub\php-board\view\main.php on line 85
[15-Sep-2021 01:29:43 UTC] PHP Fatal error:  Uncaught Error: Call to a member function fetch() on null in C:\Users\gyumi\Documents\GitHub\php-board\view\main.php:85
Stack trace:
#0 {main}
  thrown in C:\Users\gyumi\Documents\GitHub\php-board\view\main.php on line 85
[15-Sep-2021 01:34:03 UTC] PHP Notice:  Undefined variable: stmt in C:\Users\gyumi\Documents\GitHub\php-board\view\main.php on line 85
[15-Sep-2021 01:34:03 UTC] PHP Fatal error:  Uncaught Error: Call to a member function fetch() on null in C:\Users\gyumi\Documents\GitHub\php-board\view\main.php:85
Stack trace:
#0 {main}
  thrown in C:\Users\gyumi\Documents\GitHub\php-board\view\main.php on line 85
[15-Sep-2021 01:51:57 UTC] PHP Notice:  Undefined variable: stmt in C:\Users\gyumi\Documents\GitHub\php-board\view\main.php on line 85
[15-Sep-2021 01:51:57 UTC] PHP Fatal error:  Uncaught Error: Call to a member function fetch() on null in C:\Users\gyumi\Documents\GitHub\php-board\view\main.php:85
Stack trace:
#0 {main}
  thrown in C:\Users\gyumi\Documents\GitHub\php-board\view\main.php on line 85
[15-Sep-2021 01:51:58 UTC] PHP Notice:  Undefined variable: stmt in C:\Users\gyumi\Documents\GitHub\php-board\view\main.php on line 85
[15-Sep-2021 01:51:58 UTC] PHP Fatal error:  Uncaught Error: Call to a member function fetch() on null in C:\Users\gyumi\Documents\GitHub\php-board\view\main.php:85
Stack trace:
#0 {main}
  thrown in C:\Users\gyumi\Documents\GitHub\php-board\view\main.php on line 85
[15-Sep-2021 01:51:58 UTC] PHP Notice:  Undefined variable: stmt in C:\Users\gyumi\Documents\GitHub\php-board\view\main.php on line 85
[15-Sep-2021 01:51:58 UTC] PHP Fatal error:  Uncaught Error: Call to a member function fetch() on null in C:\Users\gyumi\Documents\GitHub\php-board\view\main.php:85
Stack trace:
#0 {main}
  thrown in C:\Users\gyumi\Documents\GitHub\php-board\view\main.php on line 85
[15-Sep-2021 02:04:15 UTC] PHP Notice:  Undefined variable: row in C:\Users\gyumi\Documents\GitHub\php-board\view\main.php on line 85
[15-Sep-2021 02:04:15 UTC] PHP Fatal error:  Uncaught Error: Call to a member function fetch() on null in C:\Users\gyumi\Documents\GitHub\php-board\view\main.php:85
Stack trace:
#0 {main}
  thrown in C:\Users\gyumi\Documents\GitHub\php-board\view\main.php on line 85
[15-Sep-2021 02:08:56 UTC] PHP Parse error:  syntax error, unexpected ';' in C:\Users\gyumi\Documents\GitHub\php-board\view\main.php on line 86
[15-Sep-2021 02:08:57 UTC] PHP Parse error:  syntax error, unexpected ';' in C:\Users\gyumi\Documents\GitHub\php-board\view\main.php on line 86
[15-Sep-2021 02:09:03 UTC] PHP Notice:  Undefined variable: stmt in C:\Users\gyumi\Documents\GitHub\php-board\view\main.php on line 86
[15-Sep-2021 02:09:03 UTC] PHP Fatal error:  Uncaught Error: Call to a member function fetch() on null in C:\Users\gyumi\Documents\GitHub\php-board\view\main.php:86
Stack trace:
#0 {main}
  thrown in C:\Users\gyumi\Documents\GitHub\php-board\view\main.php on line 86
[16-Sep-2021 05:39:04 UTC] PHP Parse error:  syntax error, unexpected '}', expecting end of file in C:\Users\gyumi\Documents\GitHub\php-board\view\main.php on line 39
